<?xml version="1.0" encoding="utf-8"?><testsuites name="pytest tests"><testsuite name="pytest" errors="0" failures="1" skipped="0" tests="23" time="5.434" timestamp="2026-05-12T18:07:33.016149+00:00" hostname="agent-env-46189052-67f3-4de8-bea3-926dcf3f9e06"><testcase classname="backend.tests.backend_test.TestPortfolio" name="test_root" time="0.792" /><testcase classname="backend.tests.backend_test.TestPortfolio" name="test_portfolio_structure" time="0.072" /><testcase classname="backend.tests.backend_test.TestAuth" name="test_login_success" time="0.301" /><testcase classname="backend.tests.backend_test.TestAuth" name="test_login_wrong_password" time="0.294" /><testcase classname="backend.tests.backend_test.TestAuth" name="test_auth_me_with_bearer" time="0.375" /><testcase classname="backend.tests.backend_test.TestAuth" name="test_auth_me_no_token" time="0.150" /><testcase classname="backend.tests.backend_test.TestAuth" name="test_logout_clears_cookies" time="0.477" /><testcase classname="backend.tests.backend_test.TestAuth" name="test_brute_force_lockout" time="1.058"><failure message="AssertionError: Expected 429 after lockout, got 401: {&quot;detail&quot;:&quot;Invalid email or password&quot;}&#10;assert 401 == 429&#10; +  where 401 = &lt;Response [401]&gt;.status_code">backend/tests/backend_test.py:116: in test_brute_force_lockout
    assert last.status_code == 429, f"Expected 429 after lockout, got {last.status_code}: {last.text}"
E   AssertionError: Expected 429 after lockout, got 401: {"detail":"Invalid email or password"}
E   assert 401 == 429
E    +  where 401 = &lt;Response [401]&gt;.status_code</failure></testcase><testcase classname="backend.tests.backend_test.TestContact" name="test_submit_contact_valid" time="0.085" /><testcase classname="backend.tests.backend_test.TestContact" name="test_submit_contact_invalid_email" time="0.070" /><testcase classname="backend.tests.backend_test.TestContact" name="test_admin_list_contacts_requires_auth" time="0.116" /><testcase classname="backend.tests.backend_test.TestContact" name="test_admin_list_contacts" time="0.072" /><testcase classname="backend.tests.backend_test.TestContact" name="test_admin_mark_read" time="0.138" /><testcase classname="backend.tests.backend_test.TestContact" name="test_admin_delete_contact" time="0.139" /><testcase classname="backend.tests.backend_test.TestBlog" name="test_list_public_blog" time="0.067" /><testcase classname="backend.tests.backend_test.TestBlog" name="test_get_blog_by_slug" time="0.068" /><testcase classname="backend.tests.backend_test.TestBlog" name="test_get_blog_404" time="0.068" /><testcase classname="backend.tests.backend_test.TestBlog" name="test_admin_create_blog" time="0.068" /><testcase classname="backend.tests.backend_test.TestBlog" name="test_admin_create_duplicate_slug_unique" time="0.295" /><testcase classname="backend.tests.backend_test.TestBlog" name="test_admin_blog_requires_auth" time="0.182" /><testcase classname="backend.tests.backend_test.TestBlog" name="test_get_created_post_public" time="0.078" /><testcase classname="backend.tests.backend_test.TestBlog" name="test_admin_update_blog" time="0.136" /><testcase classname="backend.tests.backend_test.TestBlog" name="test_admin_delete_blog" time="0.144" /></testsuite></testsuites>